<?xml version="1.0" encoding="UTF-8"?>
<!-- Generated by org.testng.reporters.JUnitReportReporter -->
<testsuite skipped="0" hostname="IN2070121W2" name="demo.GetMultipleAPITest" tests="1" failures="0" timestamp="18 Jul 2018 00:36:37 GMT" time="4.442" errors="0">
  <testcase name="getCall" time="4.442" classname="demo.GetMultipleAPITest"/>
</testsuite> <!-- demo.GetMultipleAPITest -->
